# JRE version: OpenJDK Runtime Environment GraalVM CE 22.3.0 (17.0.5+8) (build 17.0.5+8-jvmci-22.3-b08)
# Java VM: OpenJDK 64-Bit Server VM GraalVM CE 22.3.0 (17.0.5+8-jvmci-22.3-b08, mixed mode, sharing, tiered, jvmci, jvmci compiler, compressed oops, compressed class ptrs, parallel gc, linux-amd64)
GC Precious Log:
 CPUs: 8 total, 1 available
 Memory: 1024M
 Large Page Support: Disabled
 NUMA Support: Disabled
 Compressed Oops: Enabled (32-bit)
 Alignments: Space 512K, Generation 512K, Heap 2M
 Heap Min Capacity: 100M
 Heap Initial Capacity: 100M
 Heap Max Capacity: 512M
 Pre-touch: Disabled
 Parallel Workers: 1
Heap:
 PSYoungGen      total 55808K, used 38399K [0x00000000f5580000, 0x00000000f9e00000, 0x0000000100000000)
  eden space 38400K, 99% used [0x00000000f5580000,0x00000000f7affff8,0x00000000f7b00000)
  from space 17408K, 0% used [0x00000000f7b00000,0x00000000f7b00000,0x00000000f8c00000)
  to   space 17408K, 0% used [0x00000000f8c80000,0x00000000f8c80000,0x00000000f9d80000)
 ParOldGen       total 349696K, used 349695K [0x00000000e0000000, 0x00000000f5580000, 0x00000000f5580000)
  object space 349696K, 99% used [0x00000000e0000000,0x00000000f557fff8,0x00000000f5580000)
 Metaspace       used 63193K, committed 64128K, reserved 1114112K
  class space    used 5826K, committed 6272K, reserved 1048576K
GC Heap History (20 events):
Event: 437.836 GC heap before
{Heap before GC invocations=358 (full 247):
 PSYoungGen      total 55808K, used 38400K [0x00000000f5580000, 0x00000000f9e00000, 0x0000000100000000)
  eden space 38400K, 100% used [0x00000000f5580000,0x00000000f7b00000,0x00000000f7b00000)
  from space 17408K, 0% used [0x00000000f7b00000,0x00000000f7b00000,0x00000000f8c00000)
  to   space 17408K, 0% used [0x00000000f8c80000,0x00000000f8c80000,0x00000000f9d80000)
 ParOldGen       total 349696K, used 349696K [0x00000000e0000000, 0x00000000f5580000, 0x00000000f5580000)
  object space 349696K, 100% used [0x00000000e0000000,0x00000000f5580000,0x00000000f5580000)
 Metaspace       used 63193K, committed 64128K, reserved 1114112K
  class space    used 5826K, committed 6272K, reserved 1048576K
}
Event: 439.291 GC heap after
{Heap after GC invocations=358 (full 247):
 PSYoungGen      total 55808K, used 38399K [0x00000000f5580000, 0x00000000f9e00000, 0x0000000100000000)
  eden space 38400K, 99% used [0x00000000f5580000,0x00000000f7afffe0,0x00000000f7b00000)
  from space 17408K, 0% used [0x00000000f8c80000,0x00000000f8c80000,0x00000000f9d80000)
  to   space 17408K, 0% used [0x00000000f7b00000,0x00000000f7b00000,0x00000000f8c00000)
 ParOldGen       total 349696K, used 349692K [0x00000000e0000000, 0x00000000f5580000, 0x00000000f5580000)
  object space 349696K, 99% used [0x00000000e0000000,0x00000000f557f010,0x00000000f5580000)
 Metaspace       used 63193K, committed 64128K, reserved 1114112K
  class space    used 5826K, committed 6272K, reserved 1048576K
}
Event: 439.291 GC heap before
{Heap before GC invocations=359 (full 248):
 PSYoungGen      total 55808K, used 38399K [0x00000000f5580000, 0x00000000f9e00000, 0x0000000100000000)
  eden space 38400K, 99% used [0x00000000f5580000,0x00000000f7affff8,0x00000000f7b00000)
  from space 17408K, 0% used [0x00000000f8c80000,0x00000000f8c80000,0x00000000f9d80000)
  to   space 17408K, 0% used [0x00000000f7b00000,0x00000000f7b00000,0x00000000f8c00000)
 ParOldGen       total 349696K, used 349692K [0x00000000e0000000, 0x00000000f5580000, 0x00000000f5580000)
  object space 349696K, 99% used [0x00000000e0000000,0x00000000f557f010,0x00000000f5580000)
 Metaspace       used 63193K, committed 64128K, reserved 1114112K
  class space    used 5826K, committed 6272K, reserved 1048576K
}
Event: 440.918 GC heap after
{Heap after GC invocations=359 (full 248):
 PSYoungGen      total 55808K, used 38399K [0x00000000f5580000, 0x00000000f9e00000, 0x0000000100000000)
  eden space 38400K, 99% used [0x00000000f5580000,0x00000000f7afffd8,0x00000000f7b00000)
  from space 17408K, 0% used [0x00000000f7b00000,0x00000000f7b00000,0x00000000f8c00000)
  to   space 17408K, 0% used [0x00000000f8c80000,0x00000000f8c80000,0x00000000f9d80000)
 ParOldGen       total 349696K, used 349692K [0x00000000e0000000, 0x00000000f5580000, 0x00000000f5580000)
  object space 349696K, 99% used [0x00000000e0000000,0x00000000f557f010,0x00000000f5580000)
 Metaspace       used 63193K, committed 64128K, reserved 1114112K
  class space    used 5826K, committed 6272K, reserved 1048576K
}
Event: 440.919 GC heap before
{Heap before GC invocations=360 (full 249):
 PSYoungGen      total 55808K, used 38399K [0x00000000f5580000, 0x00000000f9e00000, 0x0000000100000000)
  eden space 38400K, 99% used [0x00000000f5580000,0x00000000f7affff8,0x00000000f7b00000)
  from space 17408K, 0% used [0x00000000f7b00000,0x00000000f7b00000,0x00000000f8c00000)
  to   space 17408K, 0% used [0x00000000f8c80000,0x00000000f8c80000,0x00000000f9d80000)
 ParOldGen       total 349696K, used 349692K [0x00000000e0000000, 0x00000000f5580000, 0x00000000f5580000)
  object space 349696K, 99% used [0x00000000e0000000,0x00000000f557f010,0x00000000f5580000)
 Metaspace       used 63193K, committed 64128K, reserved 1114112K
  class space    used 5826K, committed 6272K, reserved 1048576K
}
Event: 442.495 GC heap after
{Heap after GC invocations=360 (full 249):
 PSYoungGen      total 55808K, used 38399K [0x00000000f5580000, 0x00000000f9e00000, 0x0000000100000000)
  eden space 38400K, 99% used [0x00000000f5580000,0x00000000f7affff8,0x00000000f7b00000)
  from space 17408K, 0% used [0x00000000f8c80000,0x00000000f8c80000,0x00000000f9d80000)
  to   space 17408K, 0% used [0x00000000f7b00000,0x00000000f7b00000,0x00000000f8c00000)
 ParOldGen       total 349696K, used 349692K [0x00000000e0000000, 0x00000000f5580000, 0x00000000f5580000)
  object space 349696K, 99% used [0x00000000e0000000,0x00000000f557f010,0x00000000f5580000)
 Metaspace       used 63193K, committed 64128K, reserved 1114112K
  class space    used 5826K, committed 6272K, reserved 1048576K
}
Event: 442.495 GC heap before
{Heap before GC invocations=361 (full 250):
 PSYoungGen      total 55808K, used 38399K [0x00000000f5580000, 0x00000000f9e00000, 0x0000000100000000)
  eden space 38400K, 99% used [0x00000000f5580000,0x00000000f7affff8,0x00000000f7b00000)
  from space 17408K, 0% used [0x00000000f8c80000,0x00000000f8c80000,0x00000000f9d80000)
  to   space 17408K, 0% used [0x00000000f7b00000,0x00000000f7b00000,0x00000000f8c00000)
 ParOldGen       total 349696K, used 349695K [0x00000000e0000000, 0x00000000f5580000, 0x00000000f5580000)
  object space 349696K, 99% used [0x00000000e0000000,0x00000000f557fc80,0x00000000f5580000)
 Metaspace       used 63193K, committed 64128K, reserved 1114112K
  class space    used 5826K, committed 6272K, reserved 1048576K
}
Event: 443.899 GC heap after
{Heap after GC invocations=361 (full 250):
 PSYoungGen      total 55808K, used 38399K [0x00000000f5580000, 0x00000000f9e00000, 0x0000000100000000)
  eden space 38400K, 99% used [0x00000000f5580000,0x00000000f7affd68,0x00000000f7b00000)
  from space 17408K, 0% used [0x00000000f7b00000,0x00000000f7b00000,0x00000000f8c00000)
  to   space 17408K, 0% used [0x00000000f8c80000,0x00000000f8c80000,0x00000000f9d80000)
 ParOldGen       total 349696K, used 349693K [0x00000000e0000000, 0x00000000f5580000, 0x00000000f5580000)
  object space 349696K, 99% used [0x00000000e0000000,0x00000000f557f4d0,0x00000000f5580000)
 Metaspace       used 63193K, committed 64128K, reserved 1114112K
  class space    used 5826K, committed 6272K, reserved 1048576K
}
Event: 443.900 GC heap before
{Heap before GC invocations=362 (full 251):
 PSYoungGen      total 55808K, used 38399K [0x00000000f5580000, 0x00000000f9e00000, 0x0000000100000000)
  eden space 38400K, 99% used [0x00000000f5580000,0x00000000f7affff8,0x00000000f7b00000)
  from space 17408K, 0% used [0x00000000f7b00000,0x00000000f7b00000,0x00000000f8c00000)
  to   space 17408K, 0% used [0x00000000f8c80000,0x00000000f8c80000,0x00000000f9d80000)
 ParOldGen       total 349696K, used 349693K [0x00000000e0000000, 0x00000000f5580000, 0x00000000f5580000)
  object space 349696K, 99% used [0x00000000e0000000,0x00000000f557f4d0,0x00000000f5580000)
 Metaspace       used 63193K, committed 64128K, reserved 1114112K
  class space    used 5826K, committed 6272K, reserved 1048576K
}
Event: 445.347 GC heap after
{Heap after GC invocations=362 (full 251):
 PSYoungGen      total 55808K, used 38399K [0x00000000f5580000, 0x00000000f9e00000, 0x0000000100000000)
  eden space 38400K, 99% used [0x00000000f5580000,0x00000000f7afff18,0x00000000f7b00000)
  from space 17408K, 0% used [0x00000000f8c80000,0x00000000f8c80000,0x00000000f9d80000)
  to   space 17408K, 0% used [0x00000000f7b00000,0x00000000f7b00000,0x00000000f8c00000)
 ParOldGen       total 349696K, used 349693K [0x00000000e0000000, 0x00000000f5580000, 0x00000000f5580000)
  object space 349696K, 99% used [0x00000000e0000000,0x00000000f557f4b0,0x00000000f5580000)
 Metaspace       used 63193K, committed 64128K, reserved 1114112K
  class space    used 5826K, committed 6272K, reserved 1048576K
}
Event: 445.348 GC heap before
{Heap before GC invocations=363 (full 252):
 PSYoungGen      total 55808K, used 38399K [0x00000000f5580000, 0x00000000f9e00000, 0x0000000100000000)
  eden space 38400K, 99% used [0x00000000f5580000,0x00000000f7affff8,0x00000000f7b00000)
  from space 17408K, 0% used [0x00000000f8c80000,0x00000000f8c80000,0x00000000f9d80000)
  to   space 17408K, 0% used [0x00000000f7b00000,0x00000000f7b00000,0x00000000f8c00000)
 ParOldGen       total 349696K, used 349693K [0x00000000e0000000, 0x00000000f5580000, 0x00000000f5580000)
  object space 349696K, 99% used [0x00000000e0000000,0x00000000f557f4b0,0x00000000f5580000)
 Metaspace       used 63193K, committed 64128K, reserved 1114112K
  class space    used 5826K, committed 6272K, reserved 1048576K
}
Event: 446.735 GC heap after
{Heap after GC invocations=363 (full 252):
 PSYoungGen      total 55808K, used 38399K [0x00000000f5580000, 0x00000000f9e00000, 0x0000000100000000)
  eden space 38400K, 99% used [0x00000000f5580000,0x00000000f7afff38,0x00000000f7b00000)
  from space 17408K, 0% used [0x00000000f7b00000,0x00000000f7b00000,0x00000000f8c00000)
  to   space 17408K, 0% used [0x00000000f8c80000,0x00000000f8c80000,0x00000000f9d80000)
 ParOldGen       total 349696K, used 349693K [0x00000000e0000000, 0x00000000f5580000, 0x00000000f5580000)
  object space 349696K, 99% used [0x00000000e0000000,0x00000000f557f4b0,0x00000000f5580000)
 Metaspace       used 63193K, committed 64128K, reserved 1114112K
  class space    used 5826K, committed 6272K, reserved 1048576K
}
Event: 446.735 GC heap before
{Heap before GC invocations=364 (full 253):
 PSYoungGen      total 55808K, used 38399K [0x00000000f5580000, 0x00000000f9e00000, 0x0000000100000000)
  eden space 38400K, 99% used [0x00000000f5580000,0x00000000f7affff8,0x00000000f7b00000)
  from space 17408K, 0% used [0x00000000f7b00000,0x00000000f7b00000,0x00000000f8c00000)
  to   space 17408K, 0% used [0x00000000f8c80000,0x00000000f8c80000,0x00000000f9d80000)
 ParOldGen       total 349696K, used 349693K [0x00000000e0000000, 0x00000000f5580000, 0x00000000f5580000)
  object space 349696K, 99% used [0x00000000e0000000,0x00000000f557f4b0,0x00000000f5580000)
 Metaspace       used 63193K, committed 64128K, reserved 1114112K
  class space    used 5826K, committed 6272K, reserved 1048576K
}
Event: 448.189 GC heap after
{Heap after GC invocations=364 (full 253):
 PSYoungGen      total 55808K, used 38399K [0x00000000f5580000, 0x00000000f9e00000, 0x0000000100000000)
  eden space 38400K, 99% used [0x00000000f5580000,0x00000000f7afff38,0x00000000f7b00000)
  from space 17408K, 0% used [0x00000000f8c80000,0x00000000f8c80000,0x00000000f9d80000)
  to   space 17408K, 0% used [0x00000000f7b00000,0x00000000f7b00000,0x00000000f8c00000)
 ParOldGen       total 349696K, used 349693K [0x00000000e0000000, 0x00000000f5580000, 0x00000000f5580000)
  object space 349696K, 99% used [0x00000000e0000000,0x00000000f557f4b0,0x00000000f5580000)
 Metaspace       used 63193K, committed 64128K, reserved 1114112K
  class space    used 5826K, committed 6272K, reserved 1048576K
}
Event: 448.189 GC heap before
{Heap before GC invocations=365 (full 254):
 PSYoungGen      total 55808K, used 38399K [0x00000000f5580000, 0x00000000f9e00000, 0x0000000100000000)
  eden space 38400K, 99% used [0x00000000f5580000,0x00000000f7afff68,0x00000000f7b00000)
  from space 17408K, 0% used [0x00000000f8c80000,0x00000000f8c80000,0x00000000f9d80000)
  to   space 17408K, 0% used [0x00000000f7b00000,0x00000000f7b00000,0x00000000f8c00000)
 ParOldGen       total 349696K, used 349693K [0x00000000e0000000, 0x00000000f5580000, 0x00000000f5580000)
  object space 349696K, 99% used [0x00000000e0000000,0x00000000f557f4b0,0x00000000f5580000)
 Metaspace       used 63193K, committed 64128K, reserved 1114112K
  class space    used 5826K, committed 6272K, reserved 1048576K
}
Event: 449.655 GC heap after
{Heap after GC invocations=365 (full 254):
 PSYoungGen      total 55808K, used 38399K [0x00000000f5580000, 0x00000000f9e00000, 0x0000000100000000)
  eden space 38400K, 99% used [0x00000000f5580000,0x00000000f7afff38,0x00000000f7b00000)
  from space 17408K, 0% used [0x00000000f7b00000,0x00000000f7b00000,0x00000000f8c00000)
  to   space 17408K, 0% used [0x00000000f8c80000,0x00000000f8c80000,0x00000000f9d80000)
 ParOldGen       total 349696K, used 349693K [0x00000000e0000000, 0x00000000f5580000, 0x00000000f5580000)
  object space 349696K, 99% used [0x00000000e0000000,0x00000000f557f4b0,0x00000000f5580000)
 Metaspace       used 63193K, committed 64128K, reserved 1114112K
  class space    used 5826K, committed 6272K, reserved 1048576K
}
Event: 449.655 GC heap before
{Heap before GC invocations=366 (full 255):
 PSYoungGen      total 55808K, used 38399K [0x00000000f5580000, 0x00000000f9e00000, 0x0000000100000000)
  eden space 38400K, 99% used [0x00000000f5580000,0x00000000f7afff38,0x00000000f7b00000)
  from space 17408K, 0% used [0x00000000f7b00000,0x00000000f7b00000,0x00000000f8c00000)
  to   space 17408K, 0% used [0x00000000f8c80000,0x00000000f8c80000,0x00000000f9d80000)
 ParOldGen       total 349696K, used 349693K [0x00000000e0000000, 0x00000000f5580000, 0x00000000f5580000)
  object space 349696K, 99% used [0x00000000e0000000,0x00000000f557f4b0,0x00000000f5580000)
 Metaspace       used 63193K, committed 64128K, reserved 1114112K
  class space    used 5826K, committed 6272K, reserved 1048576K
}
Event: 451.052 GC heap after
{Heap after GC invocations=366 (full 255):
 PSYoungGen      total 55808K, used 38399K [0x00000000f5580000, 0x00000000f9e00000, 0x0000000100000000)
  eden space 38400K, 99% used [0x00000000f5580000,0x00000000f7afff38,0x00000000f7b00000)
  from space 17408K, 0% used [0x00000000f8c80000,0x00000000f8c80000,0x00000000f9d80000)
  to   space 17408K, 0% used [0x00000000f7b00000,0x00000000f7b00000,0x00000000f8c00000)
 ParOldGen       total 349696K, used 349693K [0x00000000e0000000, 0x00000000f5580000, 0x00000000f5580000)
  object space 349696K, 99% used [0x00000000e0000000,0x00000000f557f4b0,0x00000000f5580000)
 Metaspace       used 63193K, committed 64128K, reserved 1114112K
  class space    used 5826K, committed 6272K, reserved 1048576K
}
Event: 451.054 GC heap before
{Heap before GC invocations=367 (full 256):
 PSYoungGen      total 55808K, used 38400K [0x00000000f5580000, 0x00000000f9e00000, 0x0000000100000000)
  eden space 38400K, 100% used [0x00000000f5580000,0x00000000f7b00000,0x00000000f7b00000)
  from space 17408K, 0% used [0x00000000f8c80000,0x00000000f8c80000,0x00000000f9d80000)
  to   space 17408K, 0% used [0x00000000f7b00000,0x00000000f7b00000,0x00000000f8c00000)
 ParOldGen       total 349696K, used 349694K [0x00000000e0000000, 0x00000000f5580000, 0x00000000f5580000)
  object space 349696K, 99% used [0x00000000e0000000,0x00000000f557fa80,0x00000000f5580000)
 Metaspace       used 63193K, committed 64128K, reserved 1114112K
  class space    used 5826K, committed 6272K, reserved 1048576K
}
Event: 452.480 GC heap after
{Heap after GC invocations=367 (full 256):
 PSYoungGen      total 55808K, used 38399K [0x00000000f5580000, 0x00000000f9e00000, 0x0000000100000000)
  eden space 38400K, 99% used [0x00000000f5580000,0x00000000f7affdf8,0x00000000f7b00000)
  from space 17408K, 0% used [0x00000000f7b00000,0x00000000f7b00000,0x00000000f8c00000)
  to   space 17408K, 0% used [0x00000000f8c80000,0x00000000f8c80000,0x00000000f9d80000)
 ParOldGen       total 349696K, used 349693K [0x00000000e0000000, 0x00000000f5580000, 0x00000000f5580000)
  object space 349696K, 99% used [0x00000000e0000000,0x00000000f557f4c8,0x00000000f5580000)
 Metaspace       used 63193K, committed 64128K, reserved 1114112K
  class space    used 5826K, committed 6272K, reserved 1048576K
}

