# JRE version: OpenJDK Runtime Environment GraalVM CE 22.3.0 (17.0.5+8) (build 17.0.5+8-jvmci-22.3-b08)
# Java VM: OpenJDK 64-Bit Server VM GraalVM CE 22.3.0 (17.0.5+8-jvmci-22.3-b08, mixed mode, sharing, tiered, jvmci, jvmci compiler, compressed oops, compressed class ptrs, parallel gc, linux-amd64)
GC Precious Log:
 CPUs: 8 total, 1 available
 Memory: 1024M
 Large Page Support: Disabled
 NUMA Support: Disabled
 Compressed Oops: Enabled (32-bit)
 Alignments: Space 512K, Generation 512K, Heap 2M
 Heap Min Capacity: 100M
 Heap Initial Capacity: 100M
 Heap Max Capacity: 512M
 Pre-touch: Disabled
 Parallel Workers: 1
Heap:
 PSYoungGen      total 48640K, used 30719K [0x00000000f5580000, 0x00000000f9780000, 0x0000000100000000)
  eden space 30720K, 99% used [0x00000000f5580000,0x00000000f737fff8,0x00000000f7380000)
  from space 17920K, 0% used [0x00000000f8500000,0x00000000f8500000,0x00000000f9680000)
  to   space 17920K, 0% used [0x00000000f7380000,0x00000000f7380000,0x00000000f8500000)
 ParOldGen       total 349696K, used 349692K [0x00000000e0000000, 0x00000000f5580000, 0x00000000f5580000)
  object space 349696K, 99% used [0x00000000e0000000,0x00000000f557f2b8,0x00000000f5580000)
 Metaspace       used 61070K, committed 61952K, reserved 1105920K
  class space    used 5908K, committed 6272K, reserved 1048576K
GC Heap History (20 events):
Event: 1461.932 GC heap before
{Heap before GC invocations=1303 (full 1160):
 PSYoungGen      total 48640K, used 30720K [0x00000000f5580000, 0x00000000f9780000, 0x0000000100000000)
  eden space 30720K, 100% used [0x00000000f5580000,0x00000000f7380000,0x00000000f7380000)
  from space 17920K, 0% used [0x00000000f8500000,0x00000000f8500000,0x00000000f9680000)
  to   space 17920K, 0% used [0x00000000f7380000,0x00000000f7380000,0x00000000f8500000)
 ParOldGen       total 349696K, used 349692K [0x00000000e0000000, 0x00000000f5580000, 0x00000000f5580000)
  object space 349696K, 99% used [0x00000000e0000000,0x00000000f557f358,0x00000000f5580000)
 Metaspace       used 61070K, committed 61952K, reserved 1105920K
  class space    used 5908K, committed 6272K, reserved 1048576K
}
Event: 1463.039 GC heap after
{Heap after GC invocations=1303 (full 1160):
 PSYoungGen      total 48640K, used 30719K [0x00000000f5580000, 0x00000000f9780000, 0x0000000100000000)
  eden space 30720K, 99% used [0x00000000f5580000,0x00000000f737feb0,0x00000000f7380000)
  from space 17920K, 0% used [0x00000000f7380000,0x00000000f7380000,0x00000000f8500000)
  to   space 17920K, 0% used [0x00000000f8500000,0x00000000f8500000,0x00000000f9680000)
 ParOldGen       total 349696K, used 349692K [0x00000000e0000000, 0x00000000f5580000, 0x00000000f5580000)
  object space 349696K, 99% used [0x00000000e0000000,0x00000000f557f260,0x00000000f5580000)
 Metaspace       used 61070K, committed 61952K, reserved 1105920K
  class space    used 5908K, committed 6272K, reserved 1048576K
}
Event: 1463.040 GC heap before
{Heap before GC invocations=1304 (full 1161):
 PSYoungGen      total 48640K, used 30720K [0x00000000f5580000, 0x00000000f9780000, 0x0000000100000000)
  eden space 30720K, 100% used [0x00000000f5580000,0x00000000f7380000,0x00000000f7380000)
  from space 17920K, 0% used [0x00000000f7380000,0x00000000f7380000,0x00000000f8500000)
  to   space 17920K, 0% used [0x00000000f8500000,0x00000000f8500000,0x00000000f9680000)
 ParOldGen       total 349696K, used 349692K [0x00000000e0000000, 0x00000000f5580000, 0x00000000f5580000)
  object space 349696K, 99% used [0x00000000e0000000,0x00000000f557f260,0x00000000f5580000)
 Metaspace       used 61070K, committed 61952K, reserved 1105920K
  class space    used 5908K, committed 6272K, reserved 1048576K
}
Event: 1464.137 GC heap after
{Heap after GC invocations=1304 (full 1161):
 PSYoungGen      total 48640K, used 30720K [0x00000000f5580000, 0x00000000f9780000, 0x0000000100000000)
  eden space 30720K, 100% used [0x00000000f5580000,0x00000000f7380000,0x00000000f7380000)
  from space 17920K, 0% used [0x00000000f8500000,0x00000000f8500000,0x00000000f9680000)
  to   space 17920K, 0% used [0x00000000f7380000,0x00000000f7380000,0x00000000f8500000)
 ParOldGen       total 349696K, used 349692K [0x00000000e0000000, 0x00000000f5580000, 0x00000000f5580000)
  object space 349696K, 99% used [0x00000000e0000000,0x00000000f557f260,0x00000000f5580000)
 Metaspace       used 61070K, committed 61952K, reserved 1105920K
  class space    used 5908K, committed 6272K, reserved 1048576K
}
Event: 1464.137 GC heap before
{Heap before GC invocations=1305 (full 1162):
 PSYoungGen      total 48640K, used 30720K [0x00000000f5580000, 0x00000000f9780000, 0x0000000100000000)
  eden space 30720K, 100% used [0x00000000f5580000,0x00000000f7380000,0x00000000f7380000)
  from space 17920K, 0% used [0x00000000f8500000,0x00000000f8500000,0x00000000f9680000)
  to   space 17920K, 0% used [0x00000000f7380000,0x00000000f7380000,0x00000000f8500000)
 ParOldGen       total 349696K, used 349694K [0x00000000e0000000, 0x00000000f5580000, 0x00000000f5580000)
  object space 349696K, 99% used [0x00000000e0000000,0x00000000f557f9f8,0x00000000f5580000)
 Metaspace       used 61070K, committed 61952K, reserved 1105920K
  class space    used 5908K, committed 6272K, reserved 1048576K
}
Event: 1465.420 GC heap after
{Heap after GC invocations=1305 (full 1162):
 PSYoungGen      total 48640K, used 30719K [0x00000000f5580000, 0x00000000f9780000, 0x0000000100000000)
  eden space 30720K, 99% used [0x00000000f5580000,0x00000000f737fe90,0x00000000f7380000)
  from space 17920K, 0% used [0x00000000f7380000,0x00000000f7380000,0x00000000f8500000)
  to   space 17920K, 0% used [0x00000000f8500000,0x00000000f8500000,0x00000000f9680000)
 ParOldGen       total 349696K, used 349694K [0x00000000e0000000, 0x00000000f5580000, 0x00000000f5580000)
  object space 349696K, 99% used [0x00000000e0000000,0x00000000f557f9f8,0x00000000f5580000)
 Metaspace       used 61070K, committed 61952K, reserved 1105920K
  class space    used 5908K, committed 6272K, reserved 1048576K
}
Event: 1465.422 GC heap before
{Heap before GC invocations=1306 (full 1163):
 PSYoungGen      total 48640K, used 30720K [0x00000000f5580000, 0x00000000f9780000, 0x0000000100000000)
  eden space 30720K, 100% used [0x00000000f5580000,0x00000000f7380000,0x00000000f7380000)
  from space 17920K, 0% used [0x00000000f7380000,0x00000000f7380000,0x00000000f8500000)
  to   space 17920K, 0% used [0x00000000f8500000,0x00000000f8500000,0x00000000f9680000)
 ParOldGen       total 349696K, used 349694K [0x00000000e0000000, 0x00000000f5580000, 0x00000000f5580000)
  object space 349696K, 99% used [0x00000000e0000000,0x00000000f557f9f8,0x00000000f5580000)
 Metaspace       used 61070K, committed 61952K, reserved 1105920K
  class space    used 5908K, committed 6272K, reserved 1048576K
}
Event: 1466.650 GC heap after
{Heap after GC invocations=1306 (full 1163):
 PSYoungGen      total 48640K, used 30719K [0x00000000f5580000, 0x00000000f9780000, 0x0000000100000000)
  eden space 30720K, 99% used [0x00000000f5580000,0x00000000f737ff98,0x00000000f7380000)
  from space 17920K, 0% used [0x00000000f8500000,0x00000000f8500000,0x00000000f9680000)
  to   space 17920K, 0% used [0x00000000f7380000,0x00000000f7380000,0x00000000f8500000)
 ParOldGen       total 349696K, used 349694K [0x00000000e0000000, 0x00000000f5580000, 0x00000000f5580000)
  object space 349696K, 99% used [0x00000000e0000000,0x00000000f557f9f8,0x00000000f5580000)
 Metaspace       used 61070K, committed 61952K, reserved 1105920K
  class space    used 5908K, committed 6272K, reserved 1048576K
}
Event: 1466.651 GC heap before
{Heap before GC invocations=1307 (full 1164):
 PSYoungGen      total 48640K, used 30719K [0x00000000f5580000, 0x00000000f9780000, 0x0000000100000000)
  eden space 30720K, 99% used [0x00000000f5580000,0x00000000f737fff8,0x00000000f7380000)
  from space 17920K, 0% used [0x00000000f8500000,0x00000000f8500000,0x00000000f9680000)
  to   space 17920K, 0% used [0x00000000f7380000,0x00000000f7380000,0x00000000f8500000)
 ParOldGen       total 349696K, used 349694K [0x00000000e0000000, 0x00000000f5580000, 0x00000000f5580000)
  object space 349696K, 99% used [0x00000000e0000000,0x00000000f557f9f8,0x00000000f5580000)
 Metaspace       used 61070K, committed 61952K, reserved 1105920K
  class space    used 5908K, committed 6272K, reserved 1048576K
}
Event: 1467.761 GC heap after
{Heap after GC invocations=1307 (full 1164):
 PSYoungGen      total 48640K, used 30719K [0x00000000f5580000, 0x00000000f9780000, 0x0000000100000000)
  eden space 30720K, 99% used [0x00000000f5580000,0x00000000f737fff8,0x00000000f7380000)
  from space 17920K, 0% used [0x00000000f7380000,0x00000000f7380000,0x00000000f8500000)
  to   space 17920K, 0% used [0x00000000f8500000,0x00000000f8500000,0x00000000f9680000)
 ParOldGen       total 349696K, used 349694K [0x00000000e0000000, 0x00000000f5580000, 0x00000000f5580000)
  object space 349696K, 99% used [0x00000000e0000000,0x00000000f557f9f8,0x00000000f5580000)
 Metaspace       used 61070K, committed 61952K, reserved 1105920K
  class space    used 5908K, committed 6272K, reserved 1048576K
}
Event: 1467.814 GC heap before
{Heap before GC invocations=1308 (full 1165):
 PSYoungGen      total 48640K, used 30719K [0x00000000f5580000, 0x00000000f9780000, 0x0000000100000000)
  eden space 30720K, 99% used [0x00000000f5580000,0x00000000f737fff8,0x00000000f7380000)
  from space 17920K, 0% used [0x00000000f7380000,0x00000000f7380000,0x00000000f8500000)
  to   space 17920K, 0% used [0x00000000f8500000,0x00000000f8500000,0x00000000f9680000)
 ParOldGen       total 349696K, used 349695K [0x00000000e0000000, 0x00000000f5580000, 0x00000000f5580000)
  object space 349696K, 99% used [0x00000000e0000000,0x00000000f557fff8,0x00000000f5580000)
 Metaspace       used 61070K, committed 61952K, reserved 1105920K
  class space    used 5908K, committed 6272K, reserved 1048576K
}
Event: 1468.834 GC heap after
{Heap after GC invocations=1308 (full 1165):
 PSYoungGen      total 48640K, used 30719K [0x00000000f5580000, 0x00000000f9780000, 0x0000000100000000)
  eden space 30720K, 99% used [0x00000000f5580000,0x00000000f737fff8,0x00000000f7380000)
  from space 17920K, 0% used [0x00000000f8500000,0x00000000f8500000,0x00000000f9680000)
  to   space 17920K, 0% used [0x00000000f7380000,0x00000000f7380000,0x00000000f8500000)
 ParOldGen       total 349696K, used 349695K [0x00000000e0000000, 0x00000000f5580000, 0x00000000f5580000)
  object space 349696K, 99% used [0x00000000e0000000,0x00000000f557fd78,0x00000000f5580000)
 Metaspace       used 61070K, committed 61952K, reserved 1105920K
  class space    used 5908K, committed 6272K, reserved 1048576K
}
Event: 1468.835 GC heap before
{Heap before GC invocations=1309 (full 1166):
 PSYoungGen      total 48640K, used 30719K [0x00000000f5580000, 0x00000000f9780000, 0x0000000100000000)
  eden space 30720K, 99% used [0x00000000f5580000,0x00000000f737fff8,0x00000000f7380000)
  from space 17920K, 0% used [0x00000000f8500000,0x00000000f8500000,0x00000000f9680000)
  to   space 17920K, 0% used [0x00000000f7380000,0x00000000f7380000,0x00000000f8500000)
 ParOldGen       total 349696K, used 349695K [0x00000000e0000000, 0x00000000f5580000, 0x00000000f5580000)
  object space 349696K, 99% used [0x00000000e0000000,0x00000000f557ffd8,0x00000000f5580000)
 Metaspace       used 61070K, committed 61952K, reserved 1105920K
  class space    used 5908K, committed 6272K, reserved 1048576K
}
Event: 1470.003 GC heap after
{Heap after GC invocations=1309 (full 1166):
 PSYoungGen      total 48640K, used 30719K [0x00000000f5580000, 0x00000000f9780000, 0x0000000100000000)
  eden space 30720K, 99% used [0x00000000f5580000,0x00000000f737fff8,0x00000000f7380000)
  from space 17920K, 0% used [0x00000000f7380000,0x00000000f7380000,0x00000000f8500000)
  to   space 17920K, 0% used [0x00000000f8500000,0x00000000f8500000,0x00000000f9680000)
 ParOldGen       total 349696K, used 349695K [0x00000000e0000000, 0x00000000f5580000, 0x00000000f5580000)
  object space 349696K, 99% used [0x00000000e0000000,0x00000000f557fd78,0x00000000f5580000)
 Metaspace       used 61070K, committed 61952K, reserved 1105920K
  class space    used 5908K, committed 6272K, reserved 1048576K
}
Event: 1470.003 GC heap before
{Heap before GC invocations=1310 (full 1167):
 PSYoungGen      total 48640K, used 30719K [0x00000000f5580000, 0x00000000f9780000, 0x0000000100000000)
  eden space 30720K, 99% used [0x00000000f5580000,0x00000000f737fff8,0x00000000f7380000)
  from space 17920K, 0% used [0x00000000f7380000,0x00000000f7380000,0x00000000f8500000)
  to   space 17920K, 0% used [0x00000000f8500000,0x00000000f8500000,0x00000000f9680000)
 ParOldGen       total 349696K, used 349695K [0x00000000e0000000, 0x00000000f5580000, 0x00000000f5580000)
  object space 349696K, 99% used [0x00000000e0000000,0x00000000f557fd78,0x00000000f5580000)
 Metaspace       used 61070K, committed 61952K, reserved 1105920K
  class space    used 5908K, committed 6272K, reserved 1048576K
}
Event: 1471.224 GC heap after
{Heap after GC invocations=1310 (full 1167):
 PSYoungGen      total 48640K, used 30719K [0x00000000f5580000, 0x00000000f9780000, 0x0000000100000000)
  eden space 30720K, 99% used [0x00000000f5580000,0x00000000f737fff8,0x00000000f7380000)
  from space 17920K, 0% used [0x00000000f8500000,0x00000000f8500000,0x00000000f9680000)
  to   space 17920K, 0% used [0x00000000f7380000,0x00000000f7380000,0x00000000f8500000)
 ParOldGen       total 349696K, used 349694K [0x00000000e0000000, 0x00000000f5580000, 0x00000000f5580000)
  object space 349696K, 99% used [0x00000000e0000000,0x00000000f557fbb8,0x00000000f5580000)
 Metaspace       used 61070K, committed 61952K, reserved 1105920K
  class space    used 5908K, committed 6272K, reserved 1048576K
}
Event: 1471.225 GC heap before
{Heap before GC invocations=1311 (full 1168):
 PSYoungGen      total 48640K, used 30719K [0x00000000f5580000, 0x00000000f9780000, 0x0000000100000000)
  eden space 30720K, 99% used [0x00000000f5580000,0x00000000f737fff8,0x00000000f7380000)
  from space 17920K, 0% used [0x00000000f8500000,0x00000000f8500000,0x00000000f9680000)
  to   space 17920K, 0% used [0x00000000f7380000,0x00000000f7380000,0x00000000f8500000)
 ParOldGen       total 349696K, used 349695K [0x00000000e0000000, 0x00000000f5580000, 0x00000000f5580000)
  object space 349696K, 99% used [0x00000000e0000000,0x00000000f557fc10,0x00000000f5580000)
 Metaspace       used 61070K, committed 61952K, reserved 1105920K
  class space    used 5908K, committed 6272K, reserved 1048576K
}
Event: 1472.544 GC heap after
{Heap after GC invocations=1311 (full 1168):
 PSYoungGen      total 48640K, used 30719K [0x00000000f5580000, 0x00000000f9780000, 0x0000000100000000)
  eden space 30720K, 99% used [0x00000000f5580000,0x00000000f737fff8,0x00000000f7380000)
  from space 17920K, 0% used [0x00000000f7380000,0x00000000f7380000,0x00000000f8500000)
  to   space 17920K, 0% used [0x00000000f8500000,0x00000000f8500000,0x00000000f9680000)
 ParOldGen       total 349696K, used 349693K [0x00000000e0000000, 0x00000000f5580000, 0x00000000f5580000)
  object space 349696K, 99% used [0x00000000e0000000,0x00000000f557f638,0x00000000f5580000)
 Metaspace       used 61070K, committed 61952K, reserved 1105920K
  class space    used 5908K, committed 6272K, reserved 1048576K
}
Event: 1472.545 GC heap before
{Heap before GC invocations=1312 (full 1169):
 PSYoungGen      total 48640K, used 30719K [0x00000000f5580000, 0x00000000f9780000, 0x0000000100000000)
  eden space 30720K, 99% used [0x00000000f5580000,0x00000000f737fff8,0x00000000f7380000)
  from space 17920K, 0% used [0x00000000f7380000,0x00000000f7380000,0x00000000f8500000)
  to   space 17920K, 0% used [0x00000000f8500000,0x00000000f8500000,0x00000000f9680000)
 ParOldGen       total 349696K, used 349695K [0x00000000e0000000, 0x00000000f5580000, 0x00000000f5580000)
  object space 349696K, 99% used [0x00000000e0000000,0x00000000f557fe18,0x00000000f5580000)
 Metaspace       used 61070K, committed 61952K, reserved 1105920K
  class space    used 5908K, committed 6272K, reserved 1048576K
}
Event: 1473.818 GC heap after
{Heap after GC invocations=1312 (full 1169):
 PSYoungGen      total 48640K, used 30719K [0x00000000f5580000, 0x00000000f9780000, 0x0000000100000000)
  eden space 30720K, 99% used [0x00000000f5580000,0x00000000f737fff8,0x00000000f7380000)
  from space 17920K, 0% used [0x00000000f8500000,0x00000000f8500000,0x00000000f9680000)
  to   space 17920K, 0% used [0x00000000f7380000,0x00000000f7380000,0x00000000f8500000)
 ParOldGen       total 349696K, used 349690K [0x00000000e0000000, 0x00000000f5580000, 0x00000000f5580000)
  object space 349696K, 99% used [0x00000000e0000000,0x00000000f557e8c0,0x00000000f5580000)
 Metaspace       used 61070K, committed 61952K, reserved 1105920K
  class space    used 5908K, committed 6272K, reserved 1048576K
}

